<?xml version="1.0" encoding="UTF-8"?>
<testsuite xmlns:xsi="http://www.w3.org/2001/XMLSchema-instance" xsi:noNamespaceSchemaLocation="https://maven.apache.org/surefire/maven-surefire-plugin/xsd/surefire-test-report.xsd" name="com.StepDefinition.TestRunner" time="93.002" tests="5" errors="0" skipped="0" failures="0">
  <properties>
[...]
</properties>
  <testcase name="BeardOil Price scenario" classname="BeardOil feature" time="39.581"/>
  <testcase name="Phones scenario" classname="Mobile Phones feature" time="12.501"/>
  <testcase name="Multiple phones scenario #1" classname="Mobile Phones feature" time="12.32"/>
  <testcase name="Multiple phones scenario #2" classname="Mobile Phones feature" time="12.652"/>
  <testcase name="Multiple phones scenario #3" classname="Mobile Phones feature" time="14.641"/>
</testsuite>